2025-06-21 12:16:36,854 - __main__ - INFO - –ë–æ—Ç –∑–∞–ø—É—â–µ–Ω
2025-06-21 12:16:38,186 - httpx - INFO - HTTP Request: POST https://api.telegram.org/bot7600550214:AAGeP6kvbSF4pLt5gaXrWvVgOnwON1Or7SY/getMe "HTTP/1.1 200 OK"
2025-06-21 12:16:38,239 - httpx - INFO - HTTP Request: POST https://api.telegram.org/bot7600550214:AAGeP6kvbSF4pLt5gaXrWvVgOnwON1Or7SY/deleteWebhook "HTTP/1.1 200 OK"
2025-06-21 12:16:38,242 - telegram.ext.Application - INFO - Application started
2025-06-21 12:16:41,019 - httpx - INFO - HTTP Request: POST https://api.telegram.org/bot7600550214:AAGeP6kvbSF4pLt5gaXrWvVgOnwON1Or7SY/getUpdates "HTTP/1.1 200 OK"
2025-06-21 12:16:41,194 - httpx - INFO - HTTP Request: POST https://api.telegram.org/bot7600550214:AAGeP6kvbSF4pLt5gaXrWvVgOnwON1Or7SY/sendMessage "HTTP/1.1 200 OK"
2025-06-21 12:16:41,284 - httpx - INFO - HTTP Request: POST https://api.telegram.org/bot7600550214:AAGeP6kvbSF4pLt5gaXrWvVgOnwON1Or7SY/editMessageText "HTTP/1.1 200 OK"
2025-06-21 12:16:51,120 - httpx - INFO - HTTP Request: POST https://api.telegram.org/bot7600550214:AAGeP6kvbSF4pLt5gaXrWvVgOnwON1Or7SY/getUpdates "HTTP/1.1 200 OK"
2025-06-21 12:17:01,315 - httpx - INFO - HTTP Request: POST https://api.telegram.org/bot7600550214:AAGeP6kvbSF4pLt5gaXrWvVgOnwON1Or7SY/getUpdates "HTTP/1.1 200 OK"
2025-06-21 12:17:11,471 - httpx - INFO - HTTP Request: POST https://api.telegram.org/bot7600550214:AAGeP6kvbSF4pLt5gaXrWvVgOnwON1Or7SY/getUpdates "HTTP/1.1 200 OK"
2025-06-21 12:17:13,491 - httpx - INFO - HTTP Request: POST https://api.telegram.org/bot7600550214:AAGeP6kvbSF4pLt5gaXrWvVgOnwON1Or7SY/editMessageText "HTTP/1.1 200 OK"
2025-06-21 12:17:13,496 - __main__ - INFO - –û–±–ª–æ–∂–∫–∞ —É—Å–ø–µ—à–Ω–æ –¥–æ–±–∞–≤–ª–µ–Ω–∞
2025-06-21 12:17:13,640 - httpx - INFO - HTTP Request: POST https://api.telegram.org/bot7600550214:AAGeP6kvbSF4pLt5gaXrWvVgOnwON1Or7SY/editMessageText "HTTP/1.1 200 OK"
2025-06-21 12:17:19,037 - httpx - INFO - HTTP Request: POST https://api.telegram.org/bot7600550214:AAGeP6kvbSF4pLt5gaXrWvVgOnwON1Or7SY/sendAudio "HTTP/1.1 200 OK"
2025-06-21 12:17:19,105 - httpx - INFO - HTTP Request: POST https://api.telegram.org/bot7600550214:AAGeP6kvbSF4pLt5gaXrWvVgOnwON1Or7SY/deleteMessage "HTTP/1.1 200 OK"
2025-06-21 12:17:19,108 - __main__ - INFO - –í—Ä–µ–º–µ–Ω–Ω—ã–µ —Ñ–∞–π–ª—ã —É–¥–∞–ª–µ–Ω—ã
2025-06-21 12:17:21,538 - httpx - INFO - HTTP Request: POST https://api.telegram.org/bot7600550214:AAGeP6kvbSF4pLt5gaXrWvVgOnwON1Or7SY/getUpdates "HTTP/1.1 200 OK"
2025-06-21 12:17:31,605 - httpx - INFO - HTTP Request: POST https://api.telegram.org/bot7600550214:AAGeP6kvbSF4pLt5gaXrWvVgOnwON1Or7SY/getUpdates "HTTP/1.1 200 OK"
2025-06-21 12:17:41,682 - httpx - INFO - HTTP Request: POST https://api.telegram.org/bot7600550214:AAGeP6kvbSF4pLt5gaXrWvVgOnwON1Or7SY/getUpdates "HTTP/1.1 200 OK"
2025-06-21 12:17:51,780 - httpx - INFO - HTTP Request: POST https://api.telegram.org/bot7600550214:AAGeP6kvbSF4pLt5gaXrWvVgOnwON1Or7SY/getUpdates "HTTP/1.1 200 OK"
2025-06-21 12:17:58,049 - httpx - INFO - HTTP Request: POST https://api.telegram.org/bot7600550214:AAGeP6kvbSF4pLt5gaXrWvVgOnwON1Or7SY/getUpdates "HTTP/1.1 200 OK"
2025-06-21 12:17:58,319 - httpx - INFO - HTTP Request: POST https://api.telegram.org/bot7600550214:AAGeP6kvbSF4pLt5gaXrWvVgOnwON1Or7SY/sendMessage "HTTP/1.1 200 OK"
2025-06-21 12:17:58,406 - httpx - INFO - HTTP Request: POST https://api.telegram.org/bot7600550214:AAGeP6kvbSF4pLt5gaXrWvVgOnwON1Or7SY/editMessageText "HTTP/1.1 200 OK"
2025-06-21 12:18:08,122 - httpx - INFO - HTTP Request: POST https://api.telegram.org/bot7600550214:AAGeP6kvbSF4pLt5gaXrWvVgOnwON1Or7SY/getUpdates "HTTP/1.1 200 OK"
2025-06-21 12:18:18,192 - httpx - INFO - HTTP Request: POST https://api.telegram.org/bot7600550214:AAGeP6kvbSF4pLt5gaXrWvVgOnwON1Or7SY/getUpdates "HTTP/1.1 200 OK"
2025-06-21 12:18:26,818 - httpx - INFO - HTTP Request: POST https://api.telegram.org/bot7600550214:AAGeP6kvbSF4pLt5gaXrWvVgOnwON1Or7SY/editMessageText "HTTP/1.1 200 OK"
2025-06-21 12:18:26,822 - __main__ - INFO - –û–±–ª–æ–∂–∫–∞ —É—Å–ø–µ—à–Ω–æ –¥–æ–±–∞–≤–ª–µ–Ω–∞
2025-06-21 12:18:27,059 - httpx - INFO - HTTP Request: POST https://api.telegram.org/bot7600550214:AAGeP6kvbSF4pLt5gaXrWvVgOnwON1Or7SY/editMessageText "HTTP/1.1 200 OK"
2025-06-21 12:18:28,337 - httpx - INFO - HTTP Request: POST https://api.telegram.org/bot7600550214:AAGeP6kvbSF4pLt5gaXrWvVgOnwON1Or7SY/getUpdates "HTTP/1.1 200 OK"
2025-06-21 12:18:38,488 - httpx - INFO - HTTP Request: POST https://api.telegram.org/bot7600550214:AAGeP6kvbSF4pLt5gaXrWvVgOnwON1Or7SY/getUpdates "HTTP/1.1 200 OK"
2025-06-21 12:18:43,041 - httpx - INFO - HTTP Request: POST https://api.telegram.org/bot7600550214:AAGeP6kvbSF4pLt5gaXrWvVgOnwON1Or7SY/sendAudio "HTTP/1.1 200 OK"
2025-06-21 12:18:43,175 - httpx - INFO - HTTP Request: POST https://api.telegram.org/bot7600550214:AAGeP6kvbSF4pLt5gaXrWvVgOnwON1Or7SY/deleteMessage "HTTP/1.1 200 OK"
2025-06-21 12:18:43,178 - __main__ - INFO - –í—Ä–µ–º–µ–Ω–Ω—ã–µ —Ñ–∞–π–ª—ã —É–¥–∞–ª–µ–Ω—ã
2025-06-21 12:18:53,138 - httpx - INFO - HTTP Request: POST https://api.telegram.org/bot7600550214:AAGeP6kvbSF4pLt5gaXrWvVgOnwON1Or7SY/getUpdates "HTTP/1.1 200 OK"
2025-06-21 12:19:03,268 - httpx - INFO - HTTP Request: POST https://api.telegram.org/bot7600550214:AAGeP6kvbSF4pLt5gaXrWvVgOnwON1Or7SY/getUpdates "HTTP/1.1 200 OK"
2025-06-21 12:19:13,381 - httpx - INFO - HTTP Request: POST https://api.telegram.org/bot7600550214:AAGeP6kvbSF4pLt5gaXrWvVgOnwON1Or7SY/getUpdates "HTTP/1.1 200 OK"
2025-06-21 12:19:23,450 - httpx - INFO - HTTP Request: POST https://api.telegram.org/bot7600550214:AAGeP6kvbSF4pLt5gaXrWvVgOnwON1Or7SY/getUpdates "HTTP/1.1 200 OK"
2025-06-21 12:19:33,524 - httpx - INFO - HTTP Request: POST https://api.telegram.org/bot7600550214:AAGeP6kvbSF4pLt5gaXrWvVgOnwON1Or7SY/getUpdates "HTTP/1.1 200 OK"
2025-06-21 12:19:43,586 - httpx - INFO - HTTP Request: POST https://api.telegram.org/bot7600550214:AAGeP6kvbSF4pLt5gaXrWvVgOnwON1Or7SY/getUpdates "HTTP/1.1 200 OK"
2025-06-21 12:19:50,671 - httpx - INFO - HTTP Request: POST https://api.telegram.org/bot7600550214:AAGeP6kvbSF4pLt5gaXrWvVgOnwON1Or7SY/getUpdates "HTTP/1.1 200 OK"
2025-06-21 12:19:51,028 - httpx - INFO - HTTP Request: POST https://api.telegram.org/bot7600550214:AAGeP6kvbSF4pLt5gaXrWvVgOnwON1Or7SY/sendMessage "HTTP/1.1 200 OK"
2025-06-21 12:19:51,179 - httpx - INFO - HTTP Request: POST https://api.telegram.org/bot7600550214:AAGeP6kvbSF4pLt5gaXrWvVgOnwON1Or7SY/editMessageText "HTTP/1.1 200 OK"
2025-06-21 12:20:00,796 - httpx - INFO - HTTP Request: POST https://api.telegram.org/bot7600550214:AAGeP6kvbSF4pLt5gaXrWvVgOnwON1Or7SY/getUpdates "HTTP/1.1 200 OK"
2025-06-21 12:20:10,863 - httpx - INFO - HTTP Request: POST https://api.telegram.org/bot7600550214:AAGeP6kvbSF4pLt5gaXrWvVgOnwON1Or7SY/getUpdates "HTTP/1.1 200 OK"
2025-06-21 12:20:20,614 - httpx - INFO - HTTP Request: POST https://api.telegram.org/bot7600550214:AAGeP6kvbSF4pLt5gaXrWvVgOnwON1Or7SY/editMessageText "HTTP/1.1 200 OK"
2025-06-21 12:20:20,618 - __main__ - INFO - –û–±–ª–æ–∂–∫–∞ —É—Å–ø–µ—à–Ω–æ –¥–æ–±–∞–≤–ª–µ–Ω–∞
2025-06-21 12:20:20,827 - httpx - INFO - HTTP Request: POST https://api.telegram.org/bot7600550214:AAGeP6kvbSF4pLt5gaXrWvVgOnwON1Or7SY/editMessageText "HTTP/1.1 200 OK"
2025-06-21 12:20:20,979 - httpx - INFO - HTTP Request: POST https://api.telegram.org/bot7600550214:AAGeP6kvbSF4pLt5gaXrWvVgOnwON1Or7SY/getUpdates "HTTP/1.1 200 OK"
2025-06-21 12:20:31,153 - httpx - INFO - HTTP Request: POST https://api.telegram.org/bot7600550214:AAGeP6kvbSF4pLt5gaXrWvVgOnwON1Or7SY/getUpdates "HTTP/1.1 200 OK"
2025-06-21 12:20:32,455 - httpx - INFO - HTTP Request: POST https://api.telegram.org/bot7600550214:AAGeP6kvbSF4pLt5gaXrWvVgOnwON1Or7SY/sendAudio "HTTP/1.1 200 OK"
2025-06-21 12:20:32,614 - httpx - INFO - HTTP Request: POST https://api.telegram.org/bot7600550214:AAGeP6kvbSF4pLt5gaXrWvVgOnwON1Or7SY/deleteMessage "HTTP/1.1 200 OK"
2025-06-21 12:20:32,617 - __main__ - INFO - –í—Ä–µ–º–µ–Ω–Ω—ã–µ —Ñ–∞–π–ª—ã —É–¥–∞–ª–µ–Ω—ã
2025-06-21 12:20:41,236 - httpx - INFO - HTTP Request: POST https://api.telegram.org/bot7600550214:AAGeP6kvbSF4pLt5gaXrWvVgOnwON1Or7SY/getUpdates "HTTP/1.1 200 OK"
2025-06-21 12:20:51,634 - httpx - INFO - HTTP Request: POST https://api.telegram.org/bot7600550214:AAGeP6kvbSF4pLt5gaXrWvVgOnwON1Or7SY/getUpdates "HTTP/1.1 200 OK"
2025-06-21 12:21:01,697 - httpx - INFO - HTTP Request: POST https://api.telegram.org/bot7600550214:AAGeP6kvbSF4pLt5gaXrWvVgOnwON1Or7SY/getUpdates "HTTP/1.1 200 OK"
2025-06-21 12:21:11,763 - httpx - INFO - HTTP Request: POST https://api.telegram.org/bot7600550214:AAGeP6kvbSF4pLt5gaXrWvVgOnwON1Or7SY/getUpdates "HTTP/1.1 200 OK"
2025-06-21 12:21:21,849 - httpx - INFO - HTTP Request: POST https://api.telegram.org/bot7600550214:AAGeP6kvbSF4pLt5gaXrWvVgOnwON1Or7SY/getUpdates "HTTP/1.1 200 OK"
2025-06-21 12:21:31,940 - httpx - INFO - HTTP Request: POST https://api.telegram.org/bot7600550214:AAGeP6kvbSF4pLt5gaXrWvVgOnwON1Or7SY/getUpdates "HTTP/1.1 200 OK"
2025-06-21 12:21:42,025 - httpx - INFO - HTTP Request: POST https://api.telegram.org/bot7600550214:AAGeP6kvbSF4pLt5gaXrWvVgOnwON1Or7SY/getUpdates "HTTP/1.1 200 OK"
2025-06-21 12:21:52,107 - httpx - INFO - HTTP Request: POST https://api.telegram.org/bot7600550214:AAGeP6kvbSF4pLt5gaXrWvVgOnwON1Or7SY/getUpdates "HTTP/1.1 200 OK"
2025-06-21 12:22:02,177 - httpx - INFO - HTTP Request: POST https://api.telegram.org/bot7600550214:AAGeP6kvbSF4pLt5gaXrWvVgOnwON1Or7SY/getUpdates "HTTP/1.1 200 OK"
2025-06-21 12:22:12,245 - httpx - INFO - HTTP Request: POST https://api.telegram.org/bot7600550214:AAGeP6kvbSF4pLt5gaXrWvVgOnwON1Or7SY/getUpdates "HTTP/1.1 200 OK"
2025-06-21 12:22:22,299 - httpx - INFO - HTTP Request: POST https://api.telegram.org/bot7600550214:AAGeP6kvbSF4pLt5gaXrWvVgOnwON1Or7SY/getUpdates "HTTP/1.1 200 OK"
2025-06-21 12:22:32,360 - httpx - INFO - HTTP Request: POST https://api.telegram.org/bot7600550214:AAGeP6kvbSF4pLt5gaXrWvVgOnwON1Or7SY/getUpdates "HTTP/1.1 200 OK"
2025-06-21 12:22:42,462 - httpx - INFO - HTTP Request: POST https://api.telegram.org/bot7600550214:AAGeP6kvbSF4pLt5gaXrWvVgOnwON1Or7SY/getUpdates "HTTP/1.1 200 OK"
2025-06-21 12:22:52,529 - httpx - INFO - HTTP Request: POST https://api.telegram.org/bot7600550214:AAGeP6kvbSF4pLt5gaXrWvVgOnwON1Or7SY/getUpdates "HTTP/1.1 200 OK"
2025-06-21 12:23:02,722 - httpx - INFO - HTTP Request: POST https://api.telegram.org/bot7600550214:AAGeP6kvbSF4pLt5gaXrWvVgOnwON1Or7SY/getUpdates "HTTP/1.1 200 OK"
2025-06-21 12:23:12,812 - httpx - INFO - HTTP Request: POST https://api.telegram.org/bot7600550214:AAGeP6kvbSF4pLt5gaXrWvVgOnwON1Or7SY/getUpdates "HTTP/1.1 200 OK"
2025-06-21 12:23:22,953 - httpx - INFO - HTTP Request: POST https://api.telegram.org/bot7600550214:AAGeP6kvbSF4pLt5gaXrWvVgOnwON1Or7SY/getUpdates "HTTP/1.1 200 OK"
2025-06-21 12:23:33,077 - httpx - INFO - HTTP Request: POST https://api.telegram.org/bot7600550214:AAGeP6kvbSF4pLt5gaXrWvVgOnwON1Or7SY/getUpdates "HTTP/1.1 200 OK"
2025-06-21 12:23:43,196 - httpx - INFO - HTTP Request: POST https://api.telegram.org/bot7600550214:AAGeP6kvbSF4pLt5gaXrWvVgOnwON1Or7SY/getUpdates "HTTP/1.1 200 OK"
2025-06-21 12:23:53,329 - httpx - INFO - HTTP Request: POST https://api.telegram.org/bot7600550214:AAGeP6kvbSF4pLt5gaXrWvVgOnwON1Or7SY/getUpdates "HTTP/1.1 200 OK"
2025-06-21 12:24:03,394 - httpx - INFO - HTTP Request: POST https://api.telegram.org/bot7600550214:AAGeP6kvbSF4pLt5gaXrWvVgOnwON1Or7SY/getUpdates "HTTP/1.1 200 OK"
2025-06-21 12:24:13,535 - httpx - INFO - HTTP Request: POST https://api.telegram.org/bot7600550214:AAGeP6kvbSF4pLt5gaXrWvVgOnwON1Or7SY/getUpdates "HTTP/1.1 200 OK"
2025-06-21 12:24:23,608 - httpx - INFO - HTTP Request: POST https://api.telegram.org/bot7600550214:AAGeP6kvbSF4pLt5gaXrWvVgOnwON1Or7SY/getUpdates "HTTP/1.1 200 OK"
2025-06-21 12:24:29,141 - httpx - INFO - HTTP Request: POST https://api.telegram.org/bot7600550214:AAGeP6kvbSF4pLt5gaXrWvVgOnwON1Or7SY/getUpdates "HTTP/1.1 200 OK"
2025-06-21 12:24:29,142 - telegram.ext.Application - INFO - Application is stopping. This might take a moment.
2025-06-21 12:24:29,143 - telegram.ext.Application - INFO - Application.stop() complete
2025-06-21 14:43:13,997 - __main__ - INFO - ¡ÓÚ Á‡ÔÛ˘ÂÌ
2025-06-21 14:43:14,352 - httpx - INFO - HTTP Request: POST https://api.telegram.org/bot7600550214:AAGeP6kvbSF4pLt5gaXrWvVgOnwON1Or7SY/getMe "HTTP/1.1 200 OK"
2025-06-21 14:43:14,419 - httpx - INFO - HTTP Request: POST https://api.telegram.org/bot7600550214:AAGeP6kvbSF4pLt5gaXrWvVgOnwON1Or7SY/deleteWebhook "HTTP/1.1 200 OK"
2025-06-21 14:43:14,422 - telegram.ext.Application - INFO - Application started
2025-06-21 14:43:21,460 - httpx - INFO - HTTP Request: POST https://api.telegram.org/bot7600550214:AAGeP6kvbSF4pLt5gaXrWvVgOnwON1Or7SY/getUpdates "HTTP/1.1 200 OK"
2025-06-21 14:43:21,980 - httpx - INFO - HTTP Request: POST https://api.telegram.org/bot7600550214:AAGeP6kvbSF4pLt5gaXrWvVgOnwON1Or7SY/sendMessage "HTTP/1.1 200 OK"
2025-06-21 14:43:22,139 - httpx - INFO - HTTP Request: POST https://api.telegram.org/bot7600550214:AAGeP6kvbSF4pLt5gaXrWvVgOnwON1Or7SY/editMessageText "HTTP/1.1 200 OK"
2025-06-21 14:43:31,797 - httpx - INFO - HTTP Request: POST https://api.telegram.org/bot7600550214:AAGeP6kvbSF4pLt5gaXrWvVgOnwON1Or7SY/getUpdates "HTTP/1.1 200 OK"
2025-06-21 14:43:41,929 - httpx - INFO - HTTP Request: POST https://api.telegram.org/bot7600550214:AAGeP6kvbSF4pLt5gaXrWvVgOnwON1Or7SY/getUpdates "HTTP/1.1 200 OK"
2025-06-21 14:43:52,346 - httpx - INFO - HTTP Request: POST https://api.telegram.org/bot7600550214:AAGeP6kvbSF4pLt5gaXrWvVgOnwON1Or7SY/getUpdates "HTTP/1.1 200 OK"
2025-06-21 14:43:59,947 - httpx - INFO - HTTP Request: POST https://api.telegram.org/bot7600550214:AAGeP6kvbSF4pLt5gaXrWvVgOnwON1Or7SY/editMessageText "HTTP/1.1 200 OK"
2025-06-21 14:44:00,306 - musicbrainzngs - INFO - in <ws2:alias>, uncaught attribute type-id
2025-06-21 14:44:00,306 - musicbrainzngs - INFO - in <ws2:alias>, uncaught attribute type-id
2025-06-21 14:44:00,307 - musicbrainzngs - INFO - in <ws2:recording>, uncaught <first-release-date>
2025-06-21 14:44:00,307 - musicbrainzngs - INFO - in <ws2:release-group>, uncaught attribute type-id
2025-06-21 14:44:00,307 - musicbrainzngs - INFO - in <ws2:release-group>, uncaught attribute type-id
2025-06-21 14:44:00,307 - musicbrainzngs - INFO - in <ws2:release-group>, uncaught attribute type-id
2025-06-21 14:44:01,296 - musicbrainzngs - INFO - in <ws2:relation>, uncaught <target>
2025-06-21 14:44:01,296 - musicbrainzngs - INFO - in <ws2:relation>, uncaught <direction>
2025-06-21 14:44:01,469 - httpx - INFO - HTTP Request: POST https://api.telegram.org/bot7600550214:AAGeP6kvbSF4pLt5gaXrWvVgOnwON1Or7SY/editMessageText "HTTP/1.1 200 OK"
2025-06-21 14:44:01,716 - httpx - INFO - HTTP Request: POST https://api.telegram.org/bot7600550214:AAGeP6kvbSF4pLt5gaXrWvVgOnwON1Or7SY/editMessageText "HTTP/1.1 200 OK"
2025-06-21 14:44:02,417 - httpx - INFO - HTTP Request: POST https://api.telegram.org/bot7600550214:AAGeP6kvbSF4pLt5gaXrWvVgOnwON1Or7SY/getUpdates "HTTP/1.1 200 OK"
2025-06-21 14:44:12,494 - httpx - INFO - HTTP Request: POST https://api.telegram.org/bot7600550214:AAGeP6kvbSF4pLt5gaXrWvVgOnwON1Or7SY/getUpdates "HTTP/1.1 200 OK"
2025-06-21 14:44:22,587 - httpx - INFO - HTTP Request: POST https://api.telegram.org/bot7600550214:AAGeP6kvbSF4pLt5gaXrWvVgOnwON1Or7SY/getUpdates "HTTP/1.1 200 OK"
2025-06-21 14:44:25,364 - httpx - INFO - HTTP Request: POST https://api.telegram.org/bot7600550214:AAGeP6kvbSF4pLt5gaXrWvVgOnwON1Or7SY/sendAudio "HTTP/1.1 200 OK"
2025-06-21 14:44:25,451 - httpx - INFO - HTTP Request: POST https://api.telegram.org/bot7600550214:AAGeP6kvbSF4pLt5gaXrWvVgOnwON1Or7SY/deleteMessage "HTTP/1.1 200 OK"
2025-06-21 14:44:32,781 - httpx - INFO - HTTP Request: POST https://api.telegram.org/bot7600550214:AAGeP6kvbSF4pLt5gaXrWvVgOnwON1Or7SY/getUpdates "HTTP/1.1 200 OK"
2025-06-21 14:44:39,180 - httpx - INFO - HTTP Request: POST https://api.telegram.org/bot7600550214:AAGeP6kvbSF4pLt5gaXrWvVgOnwON1Or7SY/getUpdates "HTTP/1.1 200 OK"
2025-06-21 14:44:39,593 - httpx - INFO - HTTP Request: POST https://api.telegram.org/bot7600550214:AAGeP6kvbSF4pLt5gaXrWvVgOnwON1Or7SY/sendMessage "HTTP/1.1 200 OK"
2025-06-21 14:44:39,725 - httpx - INFO - HTTP Request: POST https://api.telegram.org/bot7600550214:AAGeP6kvbSF4pLt5gaXrWvVgOnwON1Or7SY/editMessageText "HTTP/1.1 200 OK"
2025-06-21 14:44:49,277 - httpx - INFO - HTTP Request: POST https://api.telegram.org/bot7600550214:AAGeP6kvbSF4pLt5gaXrWvVgOnwON1Or7SY/getUpdates "HTTP/1.1 200 OK"
2025-06-21 14:44:59,336 - httpx - INFO - HTTP Request: POST https://api.telegram.org/bot7600550214:AAGeP6kvbSF4pLt5gaXrWvVgOnwON1Or7SY/getUpdates "HTTP/1.1 200 OK"
2025-06-21 14:45:09,401 - httpx - INFO - HTTP Request: POST https://api.telegram.org/bot7600550214:AAGeP6kvbSF4pLt5gaXrWvVgOnwON1Or7SY/getUpdates "HTTP/1.1 200 OK"
2025-06-21 14:45:14,886 - httpx - INFO - HTTP Request: POST https://api.telegram.org/bot7600550214:AAGeP6kvbSF4pLt5gaXrWvVgOnwON1Or7SY/editMessageText "HTTP/1.1 200 OK"
2025-06-21 14:45:15,682 - musicbrainzngs - INFO - in <ws2:alias>, uncaught attribute type-id
2025-06-21 14:45:15,682 - musicbrainzngs - INFO - in <ws2:alias>, uncaught attribute type-id
2025-06-21 14:45:15,683 - musicbrainzngs - INFO - in <ws2:recording>, uncaught <first-release-date>
2025-06-21 14:45:15,683 - musicbrainzngs - INFO - in <ws2:release-group>, uncaught attribute type-id
2025-06-21 14:45:15,683 - musicbrainzngs - INFO - in <ws2:release-group>, uncaught attribute type-id
2025-06-21 14:45:15,684 - musicbrainzngs - INFO - in <ws2:release-group>, uncaught attribute type-id
2025-06-21 14:45:16,193 - musicbrainzngs - INFO - in <ws2:relation>, uncaught <target>
2025-06-21 14:45:16,193 - musicbrainzngs - INFO - in <ws2:relation>, uncaught <direction>
2025-06-21 14:45:16,289 - httpx - INFO - HTTP Request: POST https://api.telegram.org/bot7600550214:AAGeP6kvbSF4pLt5gaXrWvVgOnwON1Or7SY/editMessageText "HTTP/1.1 200 OK"
2025-06-21 14:45:16,428 - httpx - INFO - HTTP Request: POST https://api.telegram.org/bot7600550214:AAGeP6kvbSF4pLt5gaXrWvVgOnwON1Or7SY/editMessageText "HTTP/1.1 200 OK"
2025-06-21 14:45:19,471 - httpx - INFO - HTTP Request: POST https://api.telegram.org/bot7600550214:AAGeP6kvbSF4pLt5gaXrWvVgOnwON1Or7SY/getUpdates "HTTP/1.1 200 OK"
2025-06-21 14:45:27,428 - httpx - INFO - HTTP Request: POST https://api.telegram.org/bot7600550214:AAGeP6kvbSF4pLt5gaXrWvVgOnwON1Or7SY/sendAudio "HTTP/1.1 200 OK"
2025-06-21 14:45:27,535 - httpx - INFO - HTTP Request: POST https://api.telegram.org/bot7600550214:AAGeP6kvbSF4pLt5gaXrWvVgOnwON1Or7SY/deleteMessage "HTTP/1.1 200 OK"
2025-06-21 14:45:29,661 - httpx - INFO - HTTP Request: POST https://api.telegram.org/bot7600550214:AAGeP6kvbSF4pLt5gaXrWvVgOnwON1Or7SY/getUpdates "HTTP/1.1 200 OK"
2025-06-21 14:45:39,733 - httpx - INFO - HTTP Request: POST https://api.telegram.org/bot7600550214:AAGeP6kvbSF4pLt5gaXrWvVgOnwON1Or7SY/getUpdates "HTTP/1.1 200 OK"
2025-06-21 14:45:49,805 - httpx - INFO - HTTP Request: POST https://api.telegram.org/bot7600550214:AAGeP6kvbSF4pLt5gaXrWvVgOnwON1Or7SY/getUpdates "HTTP/1.1 200 OK"
2025-06-21 14:45:59,869 - httpx - INFO - HTTP Request: POST https://api.telegram.org/bot7600550214:AAGeP6kvbSF4pLt5gaXrWvVgOnwON1Or7SY/getUpdates "HTTP/1.1 200 OK"
2025-06-21 14:46:09,939 - httpx - INFO - HTTP Request: POST https://api.telegram.org/bot7600550214:AAGeP6kvbSF4pLt5gaXrWvVgOnwON1Or7SY/getUpdates "HTTP/1.1 200 OK"
2025-06-21 14:46:20,295 - httpx - INFO - HTTP Request: POST https://api.telegram.org/bot7600550214:AAGeP6kvbSF4pLt5gaXrWvVgOnwON1Or7SY/getUpdates "HTTP/1.1 200 OK"
2025-06-21 14:46:30,509 - httpx - INFO - HTTP Request: POST https://api.telegram.org/bot7600550214:AAGeP6kvbSF4pLt5gaXrWvVgOnwON1Or7SY/getUpdates "HTTP/1.1 200 OK"
2025-06-21 14:46:40,603 - httpx - INFO - HTTP Request: POST https://api.telegram.org/bot7600550214:AAGeP6kvbSF4pLt5gaXrWvVgOnwON1Or7SY/getUpdates "HTTP/1.1 200 OK"
2025-06-21 14:46:50,701 - httpx - INFO - HTTP Request: POST https://api.telegram.org/bot7600550214:AAGeP6kvbSF4pLt5gaXrWvVgOnwON1Or7SY/getUpdates "HTTP/1.1 200 OK"
2025-06-21 14:47:00,800 - httpx - INFO - HTTP Request: POST https://api.telegram.org/bot7600550214:AAGeP6kvbSF4pLt5gaXrWvVgOnwON1Or7SY/getUpdates "HTTP/1.1 200 OK"
2025-06-21 14:47:10,907 - httpx - INFO - HTTP Request: POST https://api.telegram.org/bot7600550214:AAGeP6kvbSF4pLt5gaXrWvVgOnwON1Or7SY/getUpdates "HTTP/1.1 200 OK"
2025-06-21 14:47:20,991 - httpx - INFO - HTTP Request: POST https://api.telegram.org/bot7600550214:AAGeP6kvbSF4pLt5gaXrWvVgOnwON1Or7SY/getUpdates "HTTP/1.1 200 OK"
2025-06-21 14:47:31,044 - httpx - INFO - HTTP Request: POST https://api.telegram.org/bot7600550214:AAGeP6kvbSF4pLt5gaXrWvVgOnwON1Or7SY/getUpdates "HTTP/1.1 200 OK"
2025-06-21 14:47:41,107 - httpx - INFO - HTTP Request: POST https://api.telegram.org/bot7600550214:AAGeP6kvbSF4pLt5gaXrWvVgOnwON1Or7SY/getUpdates "HTTP/1.1 200 OK"
2025-06-21 14:47:51,179 - httpx - INFO - HTTP Request: POST https://api.telegram.org/bot7600550214:AAGeP6kvbSF4pLt5gaXrWvVgOnwON1Or7SY/getUpdates "HTTP/1.1 200 OK"
2025-06-21 14:48:01,240 - httpx - INFO - HTTP Request: POST https://api.telegram.org/bot7600550214:AAGeP6kvbSF4pLt5gaXrWvVgOnwON1Or7SY/getUpdates "HTTP/1.1 200 OK"
2025-06-21 14:48:08,955 - httpx - INFO - HTTP Request: POST https://api.telegram.org/bot7600550214:AAGeP6kvbSF4pLt5gaXrWvVgOnwON1Or7SY/getUpdates "HTTP/1.1 200 OK"
2025-06-21 14:48:08,956 - telegram.ext.Application - INFO - Application is stopping. This might take a moment.
2025-06-21 14:48:08,957 - telegram.ext.Application - INFO - Application.stop() complete
2025-06-21 14:50:41,167 - __main__ - INFO - ¡ÓÚ Á‡ÔÛ˘ÂÌ
2025-06-21 14:50:41,438 - httpx - INFO - HTTP Request: POST https://api.telegram.org/bot7600550214:AAGeP6kvbSF4pLt5gaXrWvVgOnwON1Or7SY/getMe "HTTP/1.1 200 OK"
2025-06-21 14:50:41,497 - httpx - INFO - HTTP Request: POST https://api.telegram.org/bot7600550214:AAGeP6kvbSF4pLt5gaXrWvVgOnwON1Or7SY/deleteWebhook "HTTP/1.1 200 OK"
2025-06-21 14:50:41,500 - telegram.ext.Application - INFO - Application started
2025-06-21 14:50:51,765 - httpx - INFO - HTTP Request: POST https://api.telegram.org/bot7600550214:AAGeP6kvbSF4pLt5gaXrWvVgOnwON1Or7SY/getUpdates "HTTP/1.1 200 OK"
2025-06-21 14:50:57,651 - httpx - INFO - HTTP Request: POST https://api.telegram.org/bot7600550214:AAGeP6kvbSF4pLt5gaXrWvVgOnwON1Or7SY/getUpdates "HTTP/1.1 200 OK"
2025-06-21 14:50:57,893 - httpx - INFO - HTTP Request: POST https://api.telegram.org/bot7600550214:AAGeP6kvbSF4pLt5gaXrWvVgOnwON1Or7SY/sendMessage "HTTP/1.1 200 OK"
2025-06-21 14:50:57,966 - httpx - INFO - HTTP Request: POST https://api.telegram.org/bot7600550214:AAGeP6kvbSF4pLt5gaXrWvVgOnwON1Or7SY/editMessageText "HTTP/1.1 200 OK"
2025-06-21 14:51:07,747 - httpx - INFO - HTTP Request: POST https://api.telegram.org/bot7600550214:AAGeP6kvbSF4pLt5gaXrWvVgOnwON1Or7SY/getUpdates "HTTP/1.1 200 OK"
2025-06-21 14:51:17,843 - httpx - INFO - HTTP Request: POST https://api.telegram.org/bot7600550214:AAGeP6kvbSF4pLt5gaXrWvVgOnwON1Or7SY/getUpdates "HTTP/1.1 200 OK"
2025-06-21 14:51:27,897 - httpx - INFO - HTTP Request: POST https://api.telegram.org/bot7600550214:AAGeP6kvbSF4pLt5gaXrWvVgOnwON1Or7SY/getUpdates "HTTP/1.1 200 OK"
2025-06-21 14:51:37,978 - httpx - INFO - HTTP Request: POST https://api.telegram.org/bot7600550214:AAGeP6kvbSF4pLt5gaXrWvVgOnwON1Or7SY/getUpdates "HTTP/1.1 200 OK"
2025-06-21 14:51:48,054 - httpx - INFO - HTTP Request: POST https://api.telegram.org/bot7600550214:AAGeP6kvbSF4pLt5gaXrWvVgOnwON1Or7SY/getUpdates "HTTP/1.1 200 OK"
2025-06-21 14:51:51,879 - httpx - INFO - HTTP Request: POST https://api.telegram.org/bot7600550214:AAGeP6kvbSF4pLt5gaXrWvVgOnwON1Or7SY/editMessageText "HTTP/1.1 200 OK"
2025-06-21 14:51:53,381 - musicbrainzngs - INFO - in <ws2:alias>, uncaught attribute type-id
2025-06-21 14:51:53,382 - musicbrainzngs - INFO - in <ws2:alias>, uncaught attribute type-id
2025-06-21 14:51:53,382 - musicbrainzngs - INFO - in <ws2:alias>, uncaught attribute type-id
2025-06-21 14:51:53,382 - musicbrainzngs - INFO - in <ws2:recording>, uncaught <first-release-date>
2025-06-21 14:51:53,383 - musicbrainzngs - INFO - in <ws2:release-group>, uncaught attribute type-id
2025-06-21 14:51:53,383 - musicbrainzngs - INFO - in <ws2:release-group>, uncaught attribute type-id
2025-06-21 14:51:53,632 - musicbrainzngs - INFO - in <ws2:relation>, uncaught <target>
2025-06-21 14:51:53,633 - musicbrainzngs - INFO - in <ws2:relation>, uncaught <direction>
2025-06-21 14:51:53,806 - httpx - INFO - HTTP Request: POST https://api.telegram.org/bot7600550214:AAGeP6kvbSF4pLt5gaXrWvVgOnwON1Or7SY/editMessageText "HTTP/1.1 200 OK"
2025-06-21 14:51:54,052 - httpx - INFO - HTTP Request: POST https://api.telegram.org/bot7600550214:AAGeP6kvbSF4pLt5gaXrWvVgOnwON1Or7SY/editMessageText "HTTP/1.1 200 OK"
2025-06-21 14:51:58,118 - httpx - INFO - HTTP Request: POST https://api.telegram.org/bot7600550214:AAGeP6kvbSF4pLt5gaXrWvVgOnwON1Or7SY/getUpdates "HTTP/1.1 200 OK"
2025-06-21 14:52:08,184 - httpx - INFO - HTTP Request: POST https://api.telegram.org/bot7600550214:AAGeP6kvbSF4pLt5gaXrWvVgOnwON1Or7SY/getUpdates "HTTP/1.1 200 OK"
2025-06-21 14:52:16,797 - httpx - INFO - HTTP Request: POST https://api.telegram.org/bot7600550214:AAGeP6kvbSF4pLt5gaXrWvVgOnwON1Or7SY/sendAudio "HTTP/1.1 200 OK"
2025-06-21 14:52:16,862 - httpx - INFO - HTTP Request: POST https://api.telegram.org/bot7600550214:AAGeP6kvbSF4pLt5gaXrWvVgOnwON1Or7SY/deleteMessage "HTTP/1.1 200 OK"
2025-06-21 14:52:18,235 - httpx - INFO - HTTP Request: POST https://api.telegram.org/bot7600550214:AAGeP6kvbSF4pLt5gaXrWvVgOnwON1Or7SY/getUpdates "HTTP/1.1 200 OK"
2025-06-21 14:52:28,293 - httpx - INFO - HTTP Request: POST https://api.telegram.org/bot7600550214:AAGeP6kvbSF4pLt5gaXrWvVgOnwON1Or7SY/getUpdates "HTTP/1.1 200 OK"
2025-06-21 14:52:38,385 - httpx - INFO - HTTP Request: POST https://api.telegram.org/bot7600550214:AAGeP6kvbSF4pLt5gaXrWvVgOnwON1Or7SY/getUpdates "HTTP/1.1 200 OK"
2025-06-21 14:52:48,671 - httpx - INFO - HTTP Request: POST https://api.telegram.org/bot7600550214:AAGeP6kvbSF4pLt5gaXrWvVgOnwON1Or7SY/getUpdates "HTTP/1.1 200 OK"
2025-06-21 14:52:58,746 - httpx - INFO - HTTP Request: POST https://api.telegram.org/bot7600550214:AAGeP6kvbSF4pLt5gaXrWvVgOnwON1Or7SY/getUpdates "HTTP/1.1 200 OK"
2025-06-21 14:53:08,822 - httpx - INFO - HTTP Request: POST https://api.telegram.org/bot7600550214:AAGeP6kvbSF4pLt5gaXrWvVgOnwON1Or7SY/getUpdates "HTTP/1.1 200 OK"
2025-06-21 14:53:18,903 - httpx - INFO - HTTP Request: POST https://api.telegram.org/bot7600550214:AAGeP6kvbSF4pLt5gaXrWvVgOnwON1Or7SY/getUpdates "HTTP/1.1 200 OK"
2025-06-21 14:53:28,983 - httpx - INFO - HTTP Request: POST https://api.telegram.org/bot7600550214:AAGeP6kvbSF4pLt5gaXrWvVgOnwON1Or7SY/getUpdates "HTTP/1.1 200 OK"
2025-06-21 14:53:39,103 - httpx - INFO - HTTP Request: POST https://api.telegram.org/bot7600550214:AAGeP6kvbSF4pLt5gaXrWvVgOnwON1Or7SY/getUpdates "HTTP/1.1 200 OK"
2025-06-21 14:53:49,188 - httpx - INFO - HTTP Request: POST https://api.telegram.org/bot7600550214:AAGeP6kvbSF4pLt5gaXrWvVgOnwON1Or7SY/getUpdates "HTTP/1.1 200 OK"
2025-06-21 14:53:59,243 - httpx - INFO - HTTP Request: POST https://api.telegram.org/bot7600550214:AAGeP6kvbSF4pLt5gaXrWvVgOnwON1Or7SY/getUpdates "HTTP/1.1 200 OK"
2025-06-21 14:54:09,305 - httpx - INFO - HTTP Request: POST https://api.telegram.org/bot7600550214:AAGeP6kvbSF4pLt5gaXrWvVgOnwON1Or7SY/getUpdates "HTTP/1.1 200 OK"
2025-06-21 14:54:19,370 - httpx - INFO - HTTP Request: POST https://api.telegram.org/bot7600550214:AAGeP6kvbSF4pLt5gaXrWvVgOnwON1Or7SY/getUpdates "HTTP/1.1 200 OK"
2025-06-21 14:54:29,430 - httpx - INFO - HTTP Request: POST https://api.telegram.org/bot7600550214:AAGeP6kvbSF4pLt5gaXrWvVgOnwON1Or7SY/getUpdates "HTTP/1.1 200 OK"
2025-06-21 14:54:39,528 - httpx - INFO - HTTP Request: POST https://api.telegram.org/bot7600550214:AAGeP6kvbSF4pLt5gaXrWvVgOnwON1Or7SY/getUpdates "HTTP/1.1 200 OK"
2025-06-21 14:54:49,620 - httpx - INFO - HTTP Request: POST https://api.telegram.org/bot7600550214:AAGeP6kvbSF4pLt5gaXrWvVgOnwON1Or7SY/getUpdates "HTTP/1.1 200 OK"
2025-06-21 14:54:59,683 - httpx - INFO - HTTP Request: POST https://api.telegram.org/bot7600550214:AAGeP6kvbSF4pLt5gaXrWvVgOnwON1Or7SY/getUpdates "HTTP/1.1 200 OK"
2025-06-21 14:55:10,016 - httpx - INFO - HTTP Request: POST https://api.telegram.org/bot7600550214:AAGeP6kvbSF4pLt5gaXrWvVgOnwON1Or7SY/getUpdates "HTTP/1.1 200 OK"
2025-06-21 14:55:20,087 - httpx - INFO - HTTP Request: POST https://api.telegram.org/bot7600550214:AAGeP6kvbSF4pLt5gaXrWvVgOnwON1Or7SY/getUpdates "HTTP/1.1 200 OK"
2025-06-21 14:55:30,262 - httpx - INFO - HTTP Request: POST https://api.telegram.org/bot7600550214:AAGeP6kvbSF4pLt5gaXrWvVgOnwON1Or7SY/getUpdates "HTTP/1.1 200 OK"
2025-06-21 14:55:40,323 - httpx - INFO - HTTP Request: POST https://api.telegram.org/bot7600550214:AAGeP6kvbSF4pLt5gaXrWvVgOnwON1Or7SY/getUpdates "HTTP/1.1 200 OK"
2025-06-21 14:55:50,402 - httpx - INFO - HTTP Request: POST https://api.telegram.org/bot7600550214:AAGeP6kvbSF4pLt5gaXrWvVgOnwON1Or7SY/getUpdates "HTTP/1.1 200 OK"
2025-06-21 14:56:00,479 - httpx - INFO - HTTP Request: POST https://api.telegram.org/bot7600550214:AAGeP6kvbSF4pLt5gaXrWvVgOnwON1Or7SY/getUpdates "HTTP/1.1 200 OK"
2025-06-21 14:56:10,545 - httpx - INFO - HTTP Request: POST https://api.telegram.org/bot7600550214:AAGeP6kvbSF4pLt5gaXrWvVgOnwON1Or7SY/getUpdates "HTTP/1.1 200 OK"
2025-06-21 14:56:20,906 - httpx - INFO - HTTP Request: POST https://api.telegram.org/bot7600550214:AAGeP6kvbSF4pLt5gaXrWvVgOnwON1Or7SY/getUpdates "HTTP/1.1 200 OK"
2025-06-21 14:56:30,973 - httpx - INFO - HTTP Request: POST https://api.telegram.org/bot7600550214:AAGeP6kvbSF4pLt5gaXrWvVgOnwON1Or7SY/getUpdates "HTTP/1.1 200 OK"
2025-06-21 14:56:41,068 - httpx - INFO - HTTP Request: POST https://api.telegram.org/bot7600550214:AAGeP6kvbSF4pLt5gaXrWvVgOnwON1Or7SY/getUpdates "HTTP/1.1 200 OK"
2025-06-21 14:56:51,156 - httpx - INFO - HTTP Request: POST https://api.telegram.org/bot7600550214:AAGeP6kvbSF4pLt5gaXrWvVgOnwON1Or7SY/getUpdates "HTTP/1.1 200 OK"
2025-06-21 14:57:01,221 - httpx - INFO - HTTP Request: POST https://api.telegram.org/bot7600550214:AAGeP6kvbSF4pLt5gaXrWvVgOnwON1Or7SY/getUpdates "HTTP/1.1 200 OK"
2025-06-21 14:57:11,299 - httpx - INFO - HTTP Request: POST https://api.telegram.org/bot7600550214:AAGeP6kvbSF4pLt5gaXrWvVgOnwON1Or7SY/getUpdates "HTTP/1.1 200 OK"
2025-06-21 14:57:21,370 - httpx - INFO - HTTP Request: POST https://api.telegram.org/bot7600550214:AAGeP6kvbSF4pLt5gaXrWvVgOnwON1Or7SY/getUpdates "HTTP/1.1 200 OK"
2025-06-21 14:57:31,477 - httpx - INFO - HTTP Request: POST https://api.telegram.org/bot7600550214:AAGeP6kvbSF4pLt5gaXrWvVgOnwON1Or7SY/getUpdates "HTTP/1.1 200 OK"
2025-06-21 14:57:36,255 - httpx - INFO - HTTP Request: POST https://api.telegram.org/bot7600550214:AAGeP6kvbSF4pLt5gaXrWvVgOnwON1Or7SY/getUpdates "HTTP/1.1 200 OK"
2025-06-21 14:57:36,256 - telegram.ext.Application - INFO - Application is stopping. This might take a moment.
2025-06-21 14:57:36,257 - telegram.ext.Application - INFO - Application.stop() complete
2025-06-21 14:59:08,560 - __main__ - INFO - ¡ÓÚ Á‡ÔÛ˘ÂÌ
2025-06-21 14:59:09,167 - httpx - INFO - HTTP Request: POST https://api.telegram.org/bot7600550214:AAGeP6kvbSF4pLt5gaXrWvVgOnwON1Or7SY/getMe "HTTP/1.1 200 OK"
2025-06-21 14:59:09,257 - httpx - INFO - HTTP Request: POST https://api.telegram.org/bot7600550214:AAGeP6kvbSF4pLt5gaXrWvVgOnwON1Or7SY/deleteWebhook "HTTP/1.1 200 OK"
2025-06-21 14:59:09,260 - telegram.ext.Application - INFO - Application started
2025-06-21 14:59:13,445 - httpx - INFO - HTTP Request: POST https://api.telegram.org/bot7600550214:AAGeP6kvbSF4pLt5gaXrWvVgOnwON1Or7SY/getUpdates "HTTP/1.1 200 OK"
2025-06-21 14:59:13,580 - httpx - INFO - HTTP Request: POST https://api.telegram.org/bot7600550214:AAGeP6kvbSF4pLt5gaXrWvVgOnwON1Or7SY/sendMessage "HTTP/1.1 200 OK"
2025-06-21 14:59:13,683 - httpx - INFO - HTTP Request: POST https://api.telegram.org/bot7600550214:AAGeP6kvbSF4pLt5gaXrWvVgOnwON1Or7SY/editMessageText "HTTP/1.1 200 OK"
2025-06-21 14:59:23,550 - httpx - INFO - HTTP Request: POST https://api.telegram.org/bot7600550214:AAGeP6kvbSF4pLt5gaXrWvVgOnwON1Or7SY/getUpdates "HTTP/1.1 200 OK"
2025-06-21 14:59:33,694 - httpx - INFO - HTTP Request: POST https://api.telegram.org/bot7600550214:AAGeP6kvbSF4pLt5gaXrWvVgOnwON1Or7SY/getUpdates "HTTP/1.1 200 OK"
2025-06-21 14:59:43,745 - httpx - INFO - HTTP Request: POST https://api.telegram.org/bot7600550214:AAGeP6kvbSF4pLt5gaXrWvVgOnwON1Or7SY/getUpdates "HTTP/1.1 200 OK"
2025-06-21 14:59:53,807 - httpx - INFO - HTTP Request: POST https://api.telegram.org/bot7600550214:AAGeP6kvbSF4pLt5gaXrWvVgOnwON1Or7SY/getUpdates "HTTP/1.1 200 OK"
2025-06-21 15:00:00,079 - httpx - INFO - HTTP Request: POST https://api.telegram.org/bot7600550214:AAGeP6kvbSF4pLt5gaXrWvVgOnwON1Or7SY/editMessageText "HTTP/1.1 200 OK"
2025-06-21 15:00:01,445 - musicbrainzngs - INFO - in <ws2:alias>, uncaught attribute type-id
2025-06-21 15:00:01,446 - musicbrainzngs - INFO - in <ws2:alias>, uncaught attribute type-id
2025-06-21 15:00:01,446 - musicbrainzngs - INFO - in <ws2:alias>, uncaught attribute type-id
2025-06-21 15:00:01,446 - musicbrainzngs - INFO - in <ws2:recording>, uncaught <first-release-date>
2025-06-21 15:00:01,447 - musicbrainzngs - INFO - in <ws2:release-group>, uncaught attribute type-id
2025-06-21 15:00:01,447 - musicbrainzngs - INFO - in <ws2:release-group>, uncaught attribute type-id
2025-06-21 15:00:01,794 - musicbrainzngs - INFO - in <ws2:relation>, uncaught <target>
2025-06-21 15:00:01,794 - musicbrainzngs - INFO - in <ws2:relation>, uncaught <direction>
2025-06-21 15:00:01,954 - httpx - INFO - HTTP Request: POST https://api.telegram.org/bot7600550214:AAGeP6kvbSF4pLt5gaXrWvVgOnwON1Or7SY/editMessageText "HTTP/1.1 200 OK"
2025-06-21 15:00:02,143 - httpx - INFO - HTTP Request: POST https://api.telegram.org/bot7600550214:AAGeP6kvbSF4pLt5gaXrWvVgOnwON1Or7SY/editMessageText "HTTP/1.1 200 OK"
2025-06-21 15:00:03,859 - httpx - INFO - HTTP Request: POST https://api.telegram.org/bot7600550214:AAGeP6kvbSF4pLt5gaXrWvVgOnwON1Or7SY/getUpdates "HTTP/1.1 200 OK"
2025-06-21 15:00:13,923 - httpx - INFO - HTTP Request: POST https://api.telegram.org/bot7600550214:AAGeP6kvbSF4pLt5gaXrWvVgOnwON1Or7SY/getUpdates "HTTP/1.1 200 OK"
2025-06-21 15:00:23,987 - httpx - INFO - HTTP Request: POST https://api.telegram.org/bot7600550214:AAGeP6kvbSF4pLt5gaXrWvVgOnwON1Or7SY/getUpdates "HTTP/1.1 200 OK"
2025-06-21 15:00:29,024 - httpx - INFO - HTTP Request: POST https://api.telegram.org/bot7600550214:AAGeP6kvbSF4pLt5gaXrWvVgOnwON1Or7SY/sendAudio "HTTP/1.1 200 OK"
2025-06-21 15:00:29,283 - httpx - INFO - HTTP Request: POST https://api.telegram.org/bot7600550214:AAGeP6kvbSF4pLt5gaXrWvVgOnwON1Or7SY/deleteMessage "HTTP/1.1 200 OK"
2025-06-21 15:00:34,074 - httpx - INFO - HTTP Request: POST https://api.telegram.org/bot7600550214:AAGeP6kvbSF4pLt5gaXrWvVgOnwON1Or7SY/getUpdates "HTTP/1.1 200 OK"
2025-06-21 15:00:44,147 - httpx - INFO - HTTP Request: POST https://api.telegram.org/bot7600550214:AAGeP6kvbSF4pLt5gaXrWvVgOnwON1Or7SY/getUpdates "HTTP/1.1 200 OK"
2025-06-21 15:00:54,219 - httpx - INFO - HTTP Request: POST https://api.telegram.org/bot7600550214:AAGeP6kvbSF4pLt5gaXrWvVgOnwON1Or7SY/getUpdates "HTTP/1.1 200 OK"
2025-06-21 15:00:57,486 - httpx - INFO - HTTP Request: POST https://api.telegram.org/bot7600550214:AAGeP6kvbSF4pLt5gaXrWvVgOnwON1Or7SY/getUpdates "HTTP/1.1 200 OK"
2025-06-21 15:00:57,487 - telegram.ext.Application - INFO - Application is stopping. This might take a moment.
2025-06-21 15:00:57,487 - telegram.ext.Application - INFO - Application.stop() complete
2025-06-21 15:05:28,850 - __main__ - INFO - ¡ÓÚ Á‡ÔÛ˘ÂÌ
2025-06-21 15:05:31,033 - httpx - INFO - HTTP Request: POST https://api.telegram.org/bot7600550214:AAGeP6kvbSF4pLt5gaXrWvVgOnwON1Or7SY/getMe "HTTP/1.1 200 OK"
2025-06-21 15:05:31,097 - httpx - INFO - HTTP Request: POST https://api.telegram.org/bot7600550214:AAGeP6kvbSF4pLt5gaXrWvVgOnwON1Or7SY/deleteWebhook "HTTP/1.1 200 OK"
2025-06-21 15:05:31,099 - telegram.ext.Application - INFO - Application started
2025-06-21 15:05:41,157 - httpx - INFO - HTTP Request: POST https://api.telegram.org/bot7600550214:AAGeP6kvbSF4pLt5gaXrWvVgOnwON1Or7SY/getUpdates "HTTP/1.1 200 OK"
2025-06-21 15:05:41,786 - httpx - INFO - HTTP Request: POST https://api.telegram.org/bot7600550214:AAGeP6kvbSF4pLt5gaXrWvVgOnwON1Or7SY/sendMessage "HTTP/1.1 200 OK"
2025-06-21 15:05:42,146 - httpx - INFO - HTTP Request: POST https://api.telegram.org/bot7600550214:AAGeP6kvbSF4pLt5gaXrWvVgOnwON1Or7SY/editMessageText "HTTP/1.1 200 OK"
2025-06-21 15:05:51,292 - httpx - INFO - HTTP Request: POST https://api.telegram.org/bot7600550214:AAGeP6kvbSF4pLt5gaXrWvVgOnwON1Or7SY/getUpdates "HTTP/1.1 200 OK"
2025-06-21 15:06:01,415 - httpx - INFO - HTTP Request: POST https://api.telegram.org/bot7600550214:AAGeP6kvbSF4pLt5gaXrWvVgOnwON1Or7SY/getUpdates "HTTP/1.1 200 OK"
2025-06-21 15:06:11,537 - httpx - INFO - HTTP Request: POST https://api.telegram.org/bot7600550214:AAGeP6kvbSF4pLt5gaXrWvVgOnwON1Or7SY/getUpdates "HTTP/1.1 200 OK"
2025-06-21 15:06:21,609 - httpx - INFO - HTTP Request: POST https://api.telegram.org/bot7600550214:AAGeP6kvbSF4pLt5gaXrWvVgOnwON1Or7SY/getUpdates "HTTP/1.1 200 OK"
2025-06-21 15:06:31,582 - httpx - INFO - HTTP Request: POST https://api.telegram.org/bot7600550214:AAGeP6kvbSF4pLt5gaXrWvVgOnwON1Or7SY/editMessageText "HTTP/1.1 200 OK"
2025-06-21 15:06:31,723 - httpx - INFO - HTTP Request: POST https://api.telegram.org/bot7600550214:AAGeP6kvbSF4pLt5gaXrWvVgOnwON1Or7SY/getUpdates "HTTP/1.1 200 OK"
2025-06-21 15:06:31,814 - httpx - INFO - HTTP Request: POST https://api.telegram.org/bot7600550214:AAGeP6kvbSF4pLt5gaXrWvVgOnwON1Or7SY/editMessageText "HTTP/1.1 200 OK"
2025-06-21 15:06:41,836 - httpx - INFO - HTTP Request: POST https://api.telegram.org/bot7600550214:AAGeP6kvbSF4pLt5gaXrWvVgOnwON1Or7SY/getUpdates "HTTP/1.1 200 OK"
2025-06-21 15:06:51,964 - httpx - INFO - HTTP Request: POST https://api.telegram.org/bot7600550214:AAGeP6kvbSF4pLt5gaXrWvVgOnwON1Or7SY/getUpdates "HTTP/1.1 200 OK"
2025-06-21 15:06:57,370 - httpx - INFO - HTTP Request: POST https://api.telegram.org/bot7600550214:AAGeP6kvbSF4pLt5gaXrWvVgOnwON1Or7SY/sendAudio "HTTP/1.1 200 OK"
2025-06-21 15:06:57,519 - httpx - INFO - HTTP Request: POST https://api.telegram.org/bot7600550214:AAGeP6kvbSF4pLt5gaXrWvVgOnwON1Or7SY/deleteMessage "HTTP/1.1 200 OK"
2025-06-21 15:07:02,054 - httpx - INFO - HTTP Request: POST https://api.telegram.org/bot7600550214:AAGeP6kvbSF4pLt5gaXrWvVgOnwON1Or7SY/getUpdates "HTTP/1.1 200 OK"
2025-06-21 15:07:12,128 - httpx - INFO - HTTP Request: POST https://api.telegram.org/bot7600550214:AAGeP6kvbSF4pLt5gaXrWvVgOnwON1Or7SY/getUpdates "HTTP/1.1 200 OK"
2025-06-21 15:07:22,232 - httpx - INFO - HTTP Request: POST https://api.telegram.org/bot7600550214:AAGeP6kvbSF4pLt5gaXrWvVgOnwON1Or7SY/getUpdates "HTTP/1.1 200 OK"
2025-06-21 15:07:32,303 - httpx - INFO - HTTP Request: POST https://api.telegram.org/bot7600550214:AAGeP6kvbSF4pLt5gaXrWvVgOnwON1Or7SY/getUpdates "HTTP/1.1 200 OK"
2025-06-21 15:07:42,422 - httpx - INFO - HTTP Request: POST https://api.telegram.org/bot7600550214:AAGeP6kvbSF4pLt5gaXrWvVgOnwON1Or7SY/getUpdates "HTTP/1.1 200 OK"
2025-06-21 15:07:52,508 - httpx - INFO - HTTP Request: POST https://api.telegram.org/bot7600550214:AAGeP6kvbSF4pLt5gaXrWvVgOnwON1Or7SY/getUpdates "HTTP/1.1 200 OK"
2025-06-21 15:08:02,579 - httpx - INFO - HTTP Request: POST https://api.telegram.org/bot7600550214:AAGeP6kvbSF4pLt5gaXrWvVgOnwON1Or7SY/getUpdates "HTTP/1.1 200 OK"
2025-06-21 15:08:12,697 - httpx - INFO - HTTP Request: POST https://api.telegram.org/bot7600550214:AAGeP6kvbSF4pLt5gaXrWvVgOnwON1Or7SY/getUpdates "HTTP/1.1 200 OK"
2025-06-21 15:08:22,778 - httpx - INFO - HTTP Request: POST https://api.telegram.org/bot7600550214:AAGeP6kvbSF4pLt5gaXrWvVgOnwON1Or7SY/getUpdates "HTTP/1.1 200 OK"
2025-06-21 15:08:32,887 - httpx - INFO - HTTP Request: POST https://api.telegram.org/bot7600550214:AAGeP6kvbSF4pLt5gaXrWvVgOnwON1Or7SY/getUpdates "HTTP/1.1 200 OK"
2025-06-21 15:08:37,478 - httpx - INFO - HTTP Request: POST https://api.telegram.org/bot7600550214:AAGeP6kvbSF4pLt5gaXrWvVgOnwON1Or7SY/getUpdates "HTTP/1.1 200 OK"
2025-06-21 15:08:37,479 - telegram.ext.Application - INFO - Application is stopping. This might take a moment.
2025-06-21 15:08:37,480 - telegram.ext.Application - INFO - Application.stop() complete
